[0.089s] DEBUG:colcon:Command line arguments: ['/usr/bin/colcon', 'build', '--packages-select', 'com2009_team69_2025', '--symlink-install']
[0.089s] DEBUG:colcon:Parsed command line arguments: Namespace(log_base=None, log_level=None, verb_name='build', build_base='build', install_base='install', merge_install=False, symlink_install=True, test_result_base=None, continue_on_error=False, executor='parallel', parallel_workers=16, event_handlers=None, ignore_user_meta=False, metas=['./colcon.meta'], base_paths=['.'], packages_ignore=None, packages_ignore_regex=None, paths=None, packages_up_to=None, packages_up_to_regex=None, packages_above=None, packages_above_and_dependencies=None, packages_above_depth=None, packages_select_by_dep=None, packages_skip_by_dep=None, packages_skip_up_to=None, packages_select_build_failed=False, packages_skip_build_finished=False, packages_select_test_failures=False, packages_skip_test_passed=False, packages_select=['com2009_team69_2025'], packages_skip=None, packages_select_regex=None, packages_skip_regex=None, packages_start=None, packages_end=None, cmake_args=None, cmake_target=None, cmake_target_skip_unavailable=False, cmake_clean_cache=False, cmake_clean_first=False, cmake_force_configure=False, ament_cmake_args=None, catkin_cmake_args=None, catkin_skip_building_tests=False, mixin_files=None, mixin=None, verb_parser=<colcon_mixin.mixin.mixin_argument.MixinArgumentDecorator object at 0x7f3416f3e3b0>, verb_extension=<colcon_core.verb.build.BuildVerb object at 0x7f3416f3df00>, main=<bound method BuildVerb.main of <colcon_core.verb.build.BuildVerb object at 0x7f3416f3df00>>, mixin_verb=('build',))
[0.172s] Level 1:colcon.colcon_core.package_discovery:discover_packages(colcon_meta) check parameters
[0.173s] Level 1:colcon.colcon_core.package_discovery:discover_packages(recursive) check parameters
[0.173s] Level 1:colcon.colcon_core.package_discovery:discover_packages(ignore) check parameters
[0.173s] Level 1:colcon.colcon_core.package_discovery:discover_packages(path) check parameters
[0.173s] Level 1:colcon.colcon_core.package_discovery:discover_packages(colcon_meta) discover
[0.173s] Level 1:colcon.colcon_core.package_discovery:discover_packages(recursive) discover
[0.173s] INFO:colcon.colcon_core.package_discovery:Crawling recursively for packages in '/home/student/ros2_ws/src/com2009_team69_2025'
[0.173s] Level 1:colcon.colcon_core.package_identification:_identify(.) by extensions ['ignore', 'ignore_ament_install']
[0.173s] Level 1:colcon.colcon_core.package_identification:_identify(.) by extension 'ignore'
[0.173s] Level 1:colcon.colcon_core.package_identification:_identify(.) by extension 'ignore_ament_install'
[0.173s] Level 1:colcon.colcon_core.package_identification:_identify(.) by extensions ['colcon_pkg']
[0.173s] Level 1:colcon.colcon_core.package_identification:_identify(.) by extension 'colcon_pkg'
[0.173s] Level 1:colcon.colcon_core.package_identification:_identify(.) by extensions ['colcon_meta']
[0.173s] Level 1:colcon.colcon_core.package_identification:_identify(.) by extension 'colcon_meta'
[0.173s] Level 1:colcon.colcon_core.package_identification:_identify(.) by extensions ['ros']
[0.173s] Level 1:colcon.colcon_core.package_identification:_identify(.) by extension 'ros'
[0.181s] DEBUG:colcon.colcon_core.package_identification:Package '.' with type 'ros.ament_cmake' and name 'com2009_team69_2025'
[0.181s] Level 1:colcon.colcon_core.package_discovery:discover_packages(recursive) using defaults
[0.181s] Level 1:colcon.colcon_core.package_discovery:discover_packages(ignore) discover
[0.181s] Level 1:colcon.colcon_core.package_discovery:discover_packages(ignore) using defaults
[0.181s] Level 1:colcon.colcon_core.package_discovery:discover_packages(path) discover
[0.181s] Level 1:colcon.colcon_core.package_discovery:discover_packages(path) using defaults
[0.200s] Level 5:colcon.colcon_core.verb:set package 'com2009_team69_2025' build argument 'cmake_args' from command line to 'None'
[0.200s] Level 5:colcon.colcon_core.verb:set package 'com2009_team69_2025' build argument 'cmake_target' from command line to 'None'
[0.200s] Level 5:colcon.colcon_core.verb:set package 'com2009_team69_2025' build argument 'cmake_target_skip_unavailable' from command line to 'False'
[0.200s] Level 5:colcon.colcon_core.verb:set package 'com2009_team69_2025' build argument 'cmake_clean_cache' from command line to 'False'
[0.200s] Level 5:colcon.colcon_core.verb:set package 'com2009_team69_2025' build argument 'cmake_clean_first' from command line to 'False'
[0.200s] Level 5:colcon.colcon_core.verb:set package 'com2009_team69_2025' build argument 'cmake_force_configure' from command line to 'False'
[0.200s] Level 5:colcon.colcon_core.verb:set package 'com2009_team69_2025' build argument 'ament_cmake_args' from command line to 'None'
[0.200s] Level 5:colcon.colcon_core.verb:set package 'com2009_team69_2025' build argument 'catkin_cmake_args' from command line to 'None'
[0.200s] Level 5:colcon.colcon_core.verb:set package 'com2009_team69_2025' build argument 'catkin_skip_building_tests' from command line to 'False'
[0.200s] DEBUG:colcon.colcon_core.verb:Building package 'com2009_team69_2025' with the following arguments: {'ament_cmake_args': None, 'build_base': '/home/student/ros2_ws/src/com2009_team69_2025/build/com2009_team69_2025', 'catkin_cmake_args': None, 'catkin_skip_building_tests': False, 'cmake_args': None, 'cmake_clean_cache': False, 'cmake_clean_first': False, 'cmake_force_configure': False, 'cmake_target': None, 'cmake_target_skip_unavailable': False, 'install_base': '/home/student/ros2_ws/src/com2009_team69_2025/install/com2009_team69_2025', 'merge_install': False, 'path': '/home/student/ros2_ws/src/com2009_team69_2025', 'symlink_install': True, 'test_result_base': None}
[0.200s] INFO:colcon.colcon_core.executor:Executing jobs using 'parallel' executor
[0.201s] DEBUG:colcon.colcon_parallel_executor.executor.parallel:run_until_complete
[0.201s] INFO:colcon.colcon_ros.task.ament_cmake.build:Building ROS package in '/home/student/ros2_ws/src/com2009_team69_2025' with build type 'ament_cmake'
[0.202s] INFO:colcon.colcon_cmake.task.cmake.build:Building CMake package in '/home/student/ros2_ws/src/com2009_team69_2025'
[0.203s] INFO:colcon.colcon_core.plugin_system:Skipping extension 'colcon_core.shell.bat': Not used on non-Windows systems
[0.203s] INFO:colcon.colcon_core.shell:Skip shell extension 'powershell' for command environment: Not usable outside of PowerShell
[0.203s] DEBUG:colcon.colcon_core.shell:Skip shell extension 'dsv' for command environment
[0.215s] DEBUG:colcon.colcon_core.event_handler.log_command:Invoking command in '/home/student/ros2_ws/src/com2009_team69_2025/build/com2009_team69_2025': CMAKE_PREFIX_PATH=${CMAKE_PREFIX_PATH}:/opt/ros/humble /usr/bin/cmake /home/student/ros2_ws/src/com2009_team69_2025 -DAMENT_CMAKE_SYMLINK_INSTALL=1 -DCMAKE_INSTALL_PREFIX=/home/student/ros2_ws/src/com2009_team69_2025/install/com2009_team69_2025
[3.907s] DEBUG:colcon.colcon_core.event_handler.log_command:Invoked command in '/home/student/ros2_ws/src/com2009_team69_2025/build/com2009_team69_2025' returned '0': CMAKE_PREFIX_PATH=${CMAKE_PREFIX_PATH}:/opt/ros/humble /usr/bin/cmake /home/student/ros2_ws/src/com2009_team69_2025 -DAMENT_CMAKE_SYMLINK_INSTALL=1 -DCMAKE_INSTALL_PREFIX=/home/student/ros2_ws/src/com2009_team69_2025/install/com2009_team69_2025
[3.908s] DEBUG:colcon.colcon_core.event_handler.log_command:Invoking command in '/home/student/ros2_ws/src/com2009_team69_2025/build/com2009_team69_2025': CMAKE_PREFIX_PATH=${CMAKE_PREFIX_PATH}:/opt/ros/humble /usr/bin/cmake --build /home/student/ros2_ws/src/com2009_team69_2025/build/com2009_team69_2025 -- -j16 -l16
[6.264s] DEBUG:colcon.colcon_core.event_handler.log_command:Invoked command in '/home/student/ros2_ws/src/com2009_team69_2025/build/com2009_team69_2025' returned '0': CMAKE_PREFIX_PATH=${CMAKE_PREFIX_PATH}:/opt/ros/humble /usr/bin/cmake --build /home/student/ros2_ws/src/com2009_team69_2025/build/com2009_team69_2025 -- -j16 -l16
[6.272s] DEBUG:colcon.colcon_core.event_handler.log_command:Invoking command in '/home/student/ros2_ws/src/com2009_team69_2025/build/com2009_team69_2025': CMAKE_PREFIX_PATH=${CMAKE_PREFIX_PATH}:/opt/ros/humble /usr/bin/cmake --install /home/student/ros2_ws/src/com2009_team69_2025/build/com2009_team69_2025
[6.817s] Level 1:colcon.colcon_core.environment:create_environment_scripts_only(com2009_team69_2025)
[6.818s] DEBUG:colcon.colcon_core.event_handler.log_command:Invoked command in '/home/student/ros2_ws/src/com2009_team69_2025/build/com2009_team69_2025' returned '0': CMAKE_PREFIX_PATH=${CMAKE_PREFIX_PATH}:/opt/ros/humble /usr/bin/cmake --install /home/student/ros2_ws/src/com2009_team69_2025/build/com2009_team69_2025
[6.819s] Level 1:colcon.colcon_core.environment:checking '/home/student/ros2_ws/src/com2009_team69_2025/install/com2009_team69_2025' for CMake module files
[6.821s] Level 1:colcon.colcon_core.environment:checking '/home/student/ros2_ws/src/com2009_team69_2025/install/com2009_team69_2025' for CMake config files
[6.822s] Level 1:colcon.colcon_core.shell:create_environment_hook('com2009_team69_2025', 'cmake_prefix_path')
[6.822s] INFO:colcon.colcon_core.shell:Creating environment hook '/home/student/ros2_ws/src/com2009_team69_2025/install/com2009_team69_2025/share/com2009_team69_2025/hook/cmake_prefix_path.ps1'
[6.823s] INFO:colcon.colcon_core.shell:Creating environment descriptor '/home/student/ros2_ws/src/com2009_team69_2025/install/com2009_team69_2025/share/com2009_team69_2025/hook/cmake_prefix_path.dsv'
[6.823s] INFO:colcon.colcon_core.shell:Creating environment hook '/home/student/ros2_ws/src/com2009_team69_2025/install/com2009_team69_2025/share/com2009_team69_2025/hook/cmake_prefix_path.sh'
[6.824s] Level 1:colcon.colcon_core.environment:checking '/home/student/ros2_ws/src/com2009_team69_2025/install/com2009_team69_2025/lib'
[6.824s] Level 1:colcon.colcon_core.shell:create_environment_hook('com2009_team69_2025', 'ld_library_path_lib')
[6.824s] INFO:colcon.colcon_core.shell:Creating environment hook '/home/student/ros2_ws/src/com2009_team69_2025/install/com2009_team69_2025/share/com2009_team69_2025/hook/ld_library_path_lib.ps1'
[6.824s] INFO:colcon.colcon_core.shell:Creating environment descriptor '/home/student/ros2_ws/src/com2009_team69_2025/install/com2009_team69_2025/share/com2009_team69_2025/hook/ld_library_path_lib.dsv'
[6.824s] INFO:colcon.colcon_core.shell:Creating environment hook '/home/student/ros2_ws/src/com2009_team69_2025/install/com2009_team69_2025/share/com2009_team69_2025/hook/ld_library_path_lib.sh'
[6.825s] Level 1:colcon.colcon_core.environment:checking '/home/student/ros2_ws/src/com2009_team69_2025/install/com2009_team69_2025/bin'
[6.825s] Level 1:colcon.colcon_core.environment:checking '/home/student/ros2_ws/src/com2009_team69_2025/install/com2009_team69_2025/lib/pkgconfig/com2009_team69_2025.pc'
[6.826s] Level 1:colcon.colcon_core.environment:checking '/home/student/ros2_ws/src/com2009_team69_2025/install/com2009_team69_2025/lib/python3.10/site-packages'
[6.826s] Level 1:colcon.colcon_core.environment:checking '/home/student/ros2_ws/src/com2009_team69_2025/install/com2009_team69_2025/bin'
[6.826s] INFO:colcon.colcon_core.shell:Creating package script '/home/student/ros2_ws/src/com2009_team69_2025/install/com2009_team69_2025/share/com2009_team69_2025/package.ps1'
[6.827s] INFO:colcon.colcon_core.shell:Creating package descriptor '/home/student/ros2_ws/src/com2009_team69_2025/install/com2009_team69_2025/share/com2009_team69_2025/package.dsv'
[6.827s] INFO:colcon.colcon_core.shell:Creating package script '/home/student/ros2_ws/src/com2009_team69_2025/install/com2009_team69_2025/share/com2009_team69_2025/package.sh'
[6.827s] INFO:colcon.colcon_core.shell:Creating package script '/home/student/ros2_ws/src/com2009_team69_2025/install/com2009_team69_2025/share/com2009_team69_2025/package.bash'
[6.828s] INFO:colcon.colcon_core.shell:Creating package script '/home/student/ros2_ws/src/com2009_team69_2025/install/com2009_team69_2025/share/com2009_team69_2025/package.zsh'
[6.828s] Level 1:colcon.colcon_core.environment:create_file_with_runtime_dependencies(/home/student/ros2_ws/src/com2009_team69_2025/install/com2009_team69_2025/share/colcon-core/packages/com2009_team69_2025)
[6.829s] Level 1:colcon.colcon_core.environment:create_environment_scripts_only(com2009_team69_2025)
[6.829s] Level 1:colcon.colcon_core.environment:checking '/home/student/ros2_ws/src/com2009_team69_2025/install/com2009_team69_2025' for CMake module files
[6.829s] Level 1:colcon.colcon_core.environment:checking '/home/student/ros2_ws/src/com2009_team69_2025/install/com2009_team69_2025' for CMake config files
[6.830s] Level 1:colcon.colcon_core.shell:create_environment_hook('com2009_team69_2025', 'cmake_prefix_path')
[6.830s] INFO:colcon.colcon_core.shell:Creating environment hook '/home/student/ros2_ws/src/com2009_team69_2025/install/com2009_team69_2025/share/com2009_team69_2025/hook/cmake_prefix_path.ps1'
[6.831s] INFO:colcon.colcon_core.shell:Creating environment descriptor '/home/student/ros2_ws/src/com2009_team69_2025/install/com2009_team69_2025/share/com2009_team69_2025/hook/cmake_prefix_path.dsv'
[6.831s] INFO:colcon.colcon_core.shell:Creating environment hook '/home/student/ros2_ws/src/com2009_team69_2025/install/com2009_team69_2025/share/com2009_team69_2025/hook/cmake_prefix_path.sh'
[6.831s] Level 1:colcon.colcon_core.environment:checking '/home/student/ros2_ws/src/com2009_team69_2025/install/com2009_team69_2025/lib'
[6.831s] Level 1:colcon.colcon_core.shell:create_environment_hook('com2009_team69_2025', 'ld_library_path_lib')
[6.831s] INFO:colcon.colcon_core.shell:Creating environment hook '/home/student/ros2_ws/src/com2009_team69_2025/install/com2009_team69_2025/share/com2009_team69_2025/hook/ld_library_path_lib.ps1'
[6.832s] INFO:colcon.colcon_core.shell:Creating environment descriptor '/home/student/ros2_ws/src/com2009_team69_2025/install/com2009_team69_2025/share/com2009_team69_2025/hook/ld_library_path_lib.dsv'
[6.832s] INFO:colcon.colcon_core.shell:Creating environment hook '/home/student/ros2_ws/src/com2009_team69_2025/install/com2009_team69_2025/share/com2009_team69_2025/hook/ld_library_path_lib.sh'
[6.832s] Level 1:colcon.colcon_core.environment:checking '/home/student/ros2_ws/src/com2009_team69_2025/install/com2009_team69_2025/bin'
[6.832s] Level 1:colcon.colcon_core.environment:checking '/home/student/ros2_ws/src/com2009_team69_2025/install/com2009_team69_2025/lib/pkgconfig/com2009_team69_2025.pc'
[6.832s] Level 1:colcon.colcon_core.environment:checking '/home/student/ros2_ws/src/com2009_team69_2025/install/com2009_team69_2025/lib/python3.10/site-packages'
[6.832s] Level 1:colcon.colcon_core.environment:checking '/home/student/ros2_ws/src/com2009_team69_2025/install/com2009_team69_2025/bin'
[6.833s] INFO:colcon.colcon_core.shell:Creating package script '/home/student/ros2_ws/src/com2009_team69_2025/install/com2009_team69_2025/share/com2009_team69_2025/package.ps1'
[6.833s] INFO:colcon.colcon_core.shell:Creating package descriptor '/home/student/ros2_ws/src/com2009_team69_2025/install/com2009_team69_2025/share/com2009_team69_2025/package.dsv'
[6.833s] INFO:colcon.colcon_core.shell:Creating package script '/home/student/ros2_ws/src/com2009_team69_2025/install/com2009_team69_2025/share/com2009_team69_2025/package.sh'
[6.833s] INFO:colcon.colcon_core.shell:Creating package script '/home/student/ros2_ws/src/com2009_team69_2025/install/com2009_team69_2025/share/com2009_team69_2025/package.bash'
[6.834s] INFO:colcon.colcon_core.shell:Creating package script '/home/student/ros2_ws/src/com2009_team69_2025/install/com2009_team69_2025/share/com2009_team69_2025/package.zsh'
[6.834s] Level 1:colcon.colcon_core.environment:create_file_with_runtime_dependencies(/home/student/ros2_ws/src/com2009_team69_2025/install/com2009_team69_2025/share/colcon-core/packages/com2009_team69_2025)
[6.834s] DEBUG:colcon.colcon_parallel_executor.executor.parallel:closing loop
[6.835s] DEBUG:colcon.colcon_parallel_executor.executor.parallel:loop closed
[6.835s] DEBUG:colcon.colcon_parallel_executor.executor.parallel:run_until_complete finished with '0'
[6.835s] DEBUG:colcon.colcon_core.event_reactor:joining thread
[6.853s] INFO:colcon.colcon_core.plugin_system:Skipping extension 'colcon_notification.desktop_notification.notify_send': Could not find 'notify-send'
[6.853s] INFO:colcon.colcon_core.plugin_system:Skipping extension 'colcon_notification.desktop_notification.terminal_notifier': Not used on non-Darwin systems
[6.853s] INFO:colcon.colcon_core.plugin_system:Skipping extension 'colcon_notification.desktop_notification.win32': Not used on non-Windows systems
[6.853s] INFO:colcon.colcon_notification.desktop_notification:Sending desktop notification using 'notify2'
[6.870s] DEBUG:colcon.colcon_notification.desktop_notification.notify2:Failed to initialize notify2: org.freedesktop.DBus.Error.Spawn.ExecFailed: /usr/bin/dbus-launch terminated abnormally without any error message
[6.870s] DEBUG:colcon.colcon_core.event_reactor:joined thread
[6.870s] INFO:colcon.colcon_core.shell:Creating prefix script '/home/student/ros2_ws/src/com2009_team69_2025/install/local_setup.ps1'
[6.871s] INFO:colcon.colcon_core.shell:Creating prefix util module '/home/student/ros2_ws/src/com2009_team69_2025/install/_local_setup_util_ps1.py'
[6.872s] INFO:colcon.colcon_core.shell:Creating prefix chain script '/home/student/ros2_ws/src/com2009_team69_2025/install/setup.ps1'
[6.873s] INFO:colcon.colcon_core.shell:Creating prefix script '/home/student/ros2_ws/src/com2009_team69_2025/install/local_setup.sh'
[6.874s] INFO:colcon.colcon_core.shell:Creating prefix util module '/home/student/ros2_ws/src/com2009_team69_2025/install/_local_setup_util_sh.py'
[6.874s] INFO:colcon.colcon_core.shell:Creating prefix chain script '/home/student/ros2_ws/src/com2009_team69_2025/install/setup.sh'
[6.875s] INFO:colcon.colcon_core.shell:Creating prefix script '/home/student/ros2_ws/src/com2009_team69_2025/install/local_setup.bash'
[6.875s] INFO:colcon.colcon_core.shell:Creating prefix chain script '/home/student/ros2_ws/src/com2009_team69_2025/install/setup.bash'
[6.876s] INFO:colcon.colcon_core.shell:Creating prefix script '/home/student/ros2_ws/src/com2009_team69_2025/install/local_setup.zsh'
[6.876s] INFO:colcon.colcon_core.shell:Creating prefix chain script '/home/student/ros2_ws/src/com2009_team69_2025/install/setup.zsh'
