-- The C compiler identification is GNU 11.4.0
-- The CXX compiler identification is GNU 11.4.0
-- Detecting C compiler ABI info
-- Detecting C compiler ABI info - done
-- Check for working C compiler: /usr/bin/cc - skipped
-- Detecting C compile features
-- Detecting C compile features - done
-- Detecting CXX compiler ABI info
-- Detecting CXX compiler ABI info - done
-- Check for working CXX compiler: /usr/bin/c++ - skipped
-- Detecting CXX compile features
-- Detecting CXX compile features - done
-- Found ament_cmake: 1.3.11 (/opt/ros/humble/share/ament_cmake/cmake)
-- Found Python3: /usr/bin/python3 (found version "3.10.12") found components: Interpreter 
-- Override CMake install command with custom implementation using symlinks instead of copying resources
-- Found rclcpp: 16.0.11 (/opt/ros/humble/share/rclcpp/cmake)
-- Found rosidl_generator_c: 3.1.6 (/opt/ros/humble/share/rosidl_generator_c/cmake)
-- Found rosidl_adapter: 3.1.6 (/opt/ros/humble/share/rosidl_adapter/cmake)
-- Found rosidl_generator_cpp: 3.1.6 (/opt/ros/humble/share/rosidl_generator_cpp/cmake)
-- Using all available rosidl_typesupport_c: rosidl_typesupport_fastrtps_c;rosidl_typesupport_introspection_c
-- Using all available rosidl_typesupport_cpp: rosidl_typesupport_fastrtps_cpp;rosidl_typesupport_introspection_cpp
-- Found rmw_implementation_cmake: 6.1.2 (/opt/ros/humble/share/rmw_implementation_cmake/cmake)
-- Found rmw_fastrtps_cpp: 6.2.7 (/opt/ros/humble/share/rmw_fastrtps_cpp/cmake)
-- Found OpenSSL: /usr/lib/x86_64-linux-gnu/libcrypto.so (found version "3.0.2")  
-- Found FastRTPS: /opt/ros/humble/include  
-- Using RMW implementation 'rmw_fastrtps_cpp' as default
-- Looking for pthread.h
-- Looking for pthread.h - found
-- Performing Test CMAKE_HAVE_LIBC_PTHREAD
-- Performing Test CMAKE_HAVE_LIBC_PTHREAD - Success
-- Found Threads: TRUE  
-- Found rclpy: 3.3.15 (/opt/ros/humble/share/rclpy/cmake)
-- Found rosidl_default_generators: 1.2.0 (/opt/ros/humble/share/rosidl_default_generators/cmake)
-- Found ament_cmake_ros: 0.10.0 (/opt/ros/humble/share/ament_cmake_ros/cmake)
-- Using all available rosidl_typesupport_c: rosidl_typesupport_fastrtps_c;rosidl_typesupport_introspection_c
-- Using all available rosidl_typesupport_cpp: rosidl_typesupport_fastrtps_cpp;rosidl_typesupport_introspection_cpp
-- Found PythonInterp: /usr/bin/python3 (found suitable version "3.10.12", minimum required is "3.6") 
-- Found python_cmake_module: 0.10.0 (/opt/ros/humble/share/python_cmake_module/cmake)
-- Found PythonLibs: /usr/lib/x86_64-linux-gnu/libpython3.10.so (found suitable version "3.10.12", minimum required is "3.5") 
-- Using PYTHON_EXECUTABLE: /usr/bin/python3
-- Using PYTHON_INCLUDE_DIRS: /usr/include/python3.10
-- Using PYTHON_LIBRARIES: /usr/lib/x86_64-linux-gnu/libpython3.10.so
-- Found PythonExtra: .so  
-- Configuring done
-- Generating done
-- Build files have been written to: /home/student/ros2_ws/src/com2009_team69_2025/build/com2009_team69_2025
[  3%] [34m[1mGenerating C code for ROS interfaces[0m
[  9%] [32mBuilding CXX object CMakeFiles/cpp_executable.dir/src/minimal_node.cpp.o[0m
[  9%] [34m[1mGenerating C++ code for ROS interfaces[0m
[  9%] Built target ament_cmake_python_symlink_com2009_team69_2025
[  9%] Built target ament_cmake_python_symlink_com2009_team69_2025_modules
running egg_info
creating com2009_team69_2025.egg-info
writing com2009_team69_2025.egg-info/PKG-INFO
writing dependency_links to com2009_team69_2025.egg-info/dependency_links.txt
writing top-level names to com2009_team69_2025.egg-info/top_level.txt
writing manifest file 'com2009_team69_2025.egg-info/SOURCES.txt'
reading manifest file 'com2009_team69_2025.egg-info/SOURCES.txt'
writing manifest file 'com2009_team69_2025.egg-info/SOURCES.txt'
running egg_info
creating com2009_team69_2025_modules.egg-info
writing com2009_team69_2025_modules.egg-info/PKG-INFO
writing dependency_links to com2009_team69_2025_modules.egg-info/dependency_links.txt
writing top-level names to com2009_team69_2025_modules.egg-info/top_level.txt
writing manifest file 'com2009_team69_2025_modules.egg-info/SOURCES.txt'
reading manifest file 'com2009_team69_2025_modules.egg-info/SOURCES.txt'
writing manifest file 'com2009_team69_2025_modules.egg-info/SOURCES.txt'
[  9%] Built target ament_cmake_python_build_com2009_team69_2025_egg
[  9%] Built target ament_cmake_python_build_com2009_team69_2025_modules_egg
[  9%] Built target com2009_team69_2025__cpp
[ 15%] [34m[1mGenerating C++ type support for eProsima Fast-RTPS[0m
[ 15%] [34m[1mGenerating C++ type support dispatch for ROS interfaces[0m
[ 18%] [34m[1mGenerating C++ introspection for ROS interfaces[0m
[ 21%] [32mBuilding C object CMakeFiles/com2009_team69_2025__rosidl_generator_c.dir/rosidl_generator_c/com2009_team69_2025/action/detail/explore_forward__functions.c.o[0m
[ 24%] [32m[1mLinking C shared library libcom2009_team69_2025__rosidl_generator_c.so[0m
[ 24%] Built target com2009_team69_2025__rosidl_generator_c
[ 30%] [34m[1mGenerating C introspection for ROS interfaces[0m
[ 30%] [34m[1mGenerating C type support dispatch for ROS interfaces[0m
[ 33%] [34m[1mGenerating C type support for eProsima Fast-RTPS[0m
[ 36%] [32mBuilding CXX object CMakeFiles/com2009_team69_2025__rosidl_typesupport_cpp.dir/rosidl_typesupport_cpp/com2009_team69_2025/action/explore_forward__type_support.cpp.o[0m
[ 39%] [32mBuilding CXX object CMakeFiles/com2009_team69_2025__rosidl_typesupport_fastrtps_cpp.dir/rosidl_typesupport_fastrtps_cpp/com2009_team69_2025/action/detail/dds_fastrtps/explore_forward__type_support.cpp.o[0m
[ 42%] [32mBuilding CXX object CMakeFiles/com2009_team69_2025__rosidl_typesupport_introspection_cpp.dir/rosidl_typesupport_introspection_cpp/com2009_team69_2025/action/detail/explore_forward__type_support.cpp.o[0m
[ 45%] [32mBuilding CXX object CMakeFiles/com2009_team69_2025__rosidl_typesupport_c.dir/rosidl_typesupport_c/com2009_team69_2025/action/explore_forward__type_support.cpp.o[0m
[ 48%] [32m[1mLinking CXX shared library libcom2009_team69_2025__rosidl_typesupport_c.so[0m
[ 51%] [32mBuilding C object CMakeFiles/com2009_team69_2025__rosidl_typesupport_introspection_c.dir/rosidl_typesupport_introspection_c/com2009_team69_2025/action/detail/explore_forward__type_support.c.o[0m
[ 54%] [32mBuilding CXX object CMakeFiles/com2009_team69_2025__rosidl_typesupport_fastrtps_c.dir/rosidl_typesupport_fastrtps_c/com2009_team69_2025/action/detail/explore_forward__type_support_c.cpp.o[0m
[ 54%] Built target com2009_team69_2025__rosidl_typesupport_c
[ 57%] [32m[1mLinking C shared library libcom2009_team69_2025__rosidl_typesupport_introspection_c.so[0m
[ 57%] Built target com2009_team69_2025__rosidl_typesupport_introspection_c
[ 60%] [32m[1mLinking CXX shared library libcom2009_team69_2025__rosidl_typesupport_cpp.so[0m
[ 63%] [32m[1mLinking CXX shared library libcom2009_team69_2025__rosidl_typesupport_fastrtps_cpp.so[0m
[ 63%] Built target com2009_team69_2025__rosidl_typesupport_cpp
[ 66%] [32m[1mLinking CXX shared library libcom2009_team69_2025__rosidl_typesupport_introspection_cpp.so[0m
[ 66%] Built target com2009_team69_2025__rosidl_typesupport_fastrtps_cpp
[ 69%] [32m[1mLinking CXX shared library libcom2009_team69_2025__rosidl_typesupport_fastrtps_c.so[0m
[ 69%] Built target com2009_team69_2025__rosidl_typesupport_introspection_cpp
[ 69%] Built target com2009_team69_2025__rosidl_typesupport_fastrtps_c
[ 69%] Built target com2009_team69_2025
[ 72%] [34m[1mGenerating Python code for ROS interfaces[0m
[ 72%] Built target com2009_team69_2025__py
[ 75%] [32mBuilding C object CMakeFiles/com2009_team69_2025__rosidl_generator_py.dir/rosidl_generator_py/com2009_team69_2025/action/_explore_forward_s.c.o[0m
[ 78%] [32m[1mLinking C shared library rosidl_generator_py/com2009_team69_2025/libcom2009_team69_2025__rosidl_generator_py.so[0m
[ 78%] Built target com2009_team69_2025__rosidl_generator_py
[ 87%] [32mBuilding C object CMakeFiles/com2009_team69_2025__rosidl_typesupport_introspection_c__pyext.dir/rosidl_generator_py/com2009_team69_2025/_com2009_team69_2025_s.ep.rosidl_typesupport_introspection_c.c.o[0m
[ 87%] [32mBuilding C object CMakeFiles/com2009_team69_2025__rosidl_typesupport_c__pyext.dir/rosidl_generator_py/com2009_team69_2025/_com2009_team69_2025_s.ep.rosidl_typesupport_c.c.o[0m
[ 87%] [32mBuilding C object CMakeFiles/com2009_team69_2025__rosidl_typesupport_fastrtps_c__pyext.dir/rosidl_generator_py/com2009_team69_2025/_com2009_team69_2025_s.ep.rosidl_typesupport_fastrtps_c.c.o[0m
[ 93%] [32m[1mLinking C shared library rosidl_generator_py/com2009_team69_2025/com2009_team69_2025_s__rosidl_typesupport_c.cpython-310-x86_64-linux-gnu.so[0m
[ 93%] [32m[1mLinking C shared library rosidl_generator_py/com2009_team69_2025/com2009_team69_2025_s__rosidl_typesupport_introspection_c.cpython-310-x86_64-linux-gnu.so[0m
[ 96%] [32m[1mLinking C shared library rosidl_generator_py/com2009_team69_2025/com2009_team69_2025_s__rosidl_typesupport_fastrtps_c.cpython-310-x86_64-linux-gnu.so[0m
[ 96%] Built target com2009_team69_2025__rosidl_typesupport_fastrtps_c__pyext
[ 96%] Built target com2009_team69_2025__rosidl_typesupport_c__pyext
[ 96%] Built target com2009_team69_2025__rosidl_typesupport_introspection_c__pyext
[100%] [32m[1mLinking CXX executable cpp_executable[0m
[100%] Built target cpp_executable
-- Install configuration: ""
-- Execute custom install script
-- Symlinking: /home/student/ros2_ws/src/com2009_team69_2025/install/com2009_team69_2025/share/ament_index/resource_index/rosidl_interfaces/com2009_team69_2025
-- Symlinking: /home/student/ros2_ws/src/com2009_team69_2025/install/com2009_team69_2025/include/com2009_team69_2025/com2009_team69_2025/action/detail/explore_forward__functions.h
-- Symlinking: /home/student/ros2_ws/src/com2009_team69_2025/install/com2009_team69_2025/include/com2009_team69_2025/com2009_team69_2025/action/detail/explore_forward__struct.h
-- Symlinking: /home/student/ros2_ws/src/com2009_team69_2025/install/com2009_team69_2025/include/com2009_team69_2025/com2009_team69_2025/action/detail/explore_forward__type_support.h
-- Symlinking: /home/student/ros2_ws/src/com2009_team69_2025/install/com2009_team69_2025/include/com2009_team69_2025/com2009_team69_2025/action/explore_forward.h
-- Symlinking: /home/student/ros2_ws/src/com2009_team69_2025/install/com2009_team69_2025/include/com2009_team69_2025/com2009_team69_2025/msg/rosidl_generator_c__visibility_control.h
-- Symlinking: /home/student/ros2_ws/src/com2009_team69_2025/install/com2009_team69_2025/share/com2009_team69_2025/environment/library_path.sh
-- Symlinking: /home/student/ros2_ws/src/com2009_team69_2025/install/com2009_team69_2025/share/com2009_team69_2025/environment/library_path.dsv
-- Symlinking: /home/student/ros2_ws/src/com2009_team69_2025/install/com2009_team69_2025/include/com2009_team69_2025/com2009_team69_2025/action/detail/explore_forward__rosidl_typesupport_fastrtps_c.h
-- Symlinking: /home/student/ros2_ws/src/com2009_team69_2025/install/com2009_team69_2025/include/com2009_team69_2025/com2009_team69_2025/msg/rosidl_typesupport_fastrtps_c__visibility_control.h
-- Symlinking: /home/student/ros2_ws/src/com2009_team69_2025/install/com2009_team69_2025/include/com2009_team69_2025/com2009_team69_2025/action/detail/explore_forward__builder.hpp
-- Symlinking: /home/student/ros2_ws/src/com2009_team69_2025/install/com2009_team69_2025/include/com2009_team69_2025/com2009_team69_2025/action/detail/explore_forward__struct.hpp
-- Symlinking: /home/student/ros2_ws/src/com2009_team69_2025/install/com2009_team69_2025/include/com2009_team69_2025/com2009_team69_2025/action/detail/explore_forward__traits.hpp
-- Symlinking: /home/student/ros2_ws/src/com2009_team69_2025/install/com2009_team69_2025/include/com2009_team69_2025/com2009_team69_2025/action/detail/explore_forward__type_support.hpp
-- Symlinking: /home/student/ros2_ws/src/com2009_team69_2025/install/com2009_team69_2025/include/com2009_team69_2025/com2009_team69_2025/action/explore_forward.hpp
-- Symlinking: /home/student/ros2_ws/src/com2009_team69_2025/install/com2009_team69_2025/include/com2009_team69_2025/com2009_team69_2025/msg/rosidl_generator_cpp__visibility_control.hpp
-- Symlinking: /home/student/ros2_ws/src/com2009_team69_2025/install/com2009_team69_2025/include/com2009_team69_2025/com2009_team69_2025/action/detail/explore_forward__rosidl_typesupport_fastrtps_cpp.hpp
-- Symlinking: /home/student/ros2_ws/src/com2009_team69_2025/install/com2009_team69_2025/include/com2009_team69_2025/com2009_team69_2025/msg/rosidl_typesupport_fastrtps_cpp__visibility_control.h
-- Symlinking: /home/student/ros2_ws/src/com2009_team69_2025/install/com2009_team69_2025/include/com2009_team69_2025/com2009_team69_2025/action/detail/explore_forward__rosidl_typesupport_introspection_c.h
-- Symlinking: /home/student/ros2_ws/src/com2009_team69_2025/install/com2009_team69_2025/include/com2009_team69_2025/com2009_team69_2025/msg/rosidl_typesupport_introspection_c__visibility_control.h
-- Symlinking: /home/student/ros2_ws/src/com2009_team69_2025/install/com2009_team69_2025/include/com2009_team69_2025/com2009_team69_2025/action/detail/explore_forward__rosidl_typesupport_introspection_cpp.hpp
-- Symlinking: /home/student/ros2_ws/src/com2009_team69_2025/install/com2009_team69_2025/share/com2009_team69_2025/environment/pythonpath.sh
-- Symlinking: /home/student/ros2_ws/src/com2009_team69_2025/install/com2009_team69_2025/share/com2009_team69_2025/environment/pythonpath.dsv
-- Symlinking: /home/student/ros2_ws/src/com2009_team69_2025/install/com2009_team69_2025/local/lib/python3.10/dist-packages/com2009_team69_2025-0.0.0-py3.10.egg-info/PKG-INFO
-- Symlinking: /home/student/ros2_ws/src/com2009_team69_2025/install/com2009_team69_2025/local/lib/python3.10/dist-packages/com2009_team69_2025-0.0.0-py3.10.egg-info/SOURCES.txt
-- Symlinking: /home/student/ros2_ws/src/com2009_team69_2025/install/com2009_team69_2025/local/lib/python3.10/dist-packages/com2009_team69_2025-0.0.0-py3.10.egg-info/dependency_links.txt
-- Symlinking: /home/student/ros2_ws/src/com2009_team69_2025/install/com2009_team69_2025/local/lib/python3.10/dist-packages/com2009_team69_2025-0.0.0-py3.10.egg-info/top_level.txt
-- Symlinking: /home/student/ros2_ws/src/com2009_team69_2025/install/com2009_team69_2025/local/lib/python3.10/dist-packages/com2009_team69_2025/__init__.py
-- Symlinking: /home/student/ros2_ws/src/com2009_team69_2025/install/com2009_team69_2025/local/lib/python3.10/dist-packages/com2009_team69_2025/_com2009_team69_2025_s.ep.rosidl_typesupport_c.c
-- Symlinking: /home/student/ros2_ws/src/com2009_team69_2025/install/com2009_team69_2025/local/lib/python3.10/dist-packages/com2009_team69_2025/_com2009_team69_2025_s.ep.rosidl_typesupport_fastrtps_c.c
-- Symlinking: /home/student/ros2_ws/src/com2009_team69_2025/install/com2009_team69_2025/local/lib/python3.10/dist-packages/com2009_team69_2025/_com2009_team69_2025_s.ep.rosidl_typesupport_introspection_c.c
-- Symlinking: /home/student/ros2_ws/src/com2009_team69_2025/install/com2009_team69_2025/local/lib/python3.10/dist-packages/com2009_team69_2025/action/__init__.py
-- Symlinking: /home/student/ros2_ws/src/com2009_team69_2025/install/com2009_team69_2025/local/lib/python3.10/dist-packages/com2009_team69_2025/action/_explore_forward.py
-- Symlinking: /home/student/ros2_ws/src/com2009_team69_2025/install/com2009_team69_2025/local/lib/python3.10/dist-packages/com2009_team69_2025/action/_explore_forward_s.c
-- Symlinking: /home/student/ros2_ws/src/com2009_team69_2025/install/com2009_team69_2025/local/lib/python3.10/dist-packages/com2009_team69_2025/com2009_team69_2025_s__rosidl_typesupport_c.cpython-310-x86_64-linux-gnu.so
-- Symlinking: /home/student/ros2_ws/src/com2009_team69_2025/install/com2009_team69_2025/local/lib/python3.10/dist-packages/com2009_team69_2025/com2009_team69_2025_s__rosidl_typesupport_fastrtps_c.cpython-310-x86_64-linux-gnu.so
-- Symlinking: /home/student/ros2_ws/src/com2009_team69_2025/install/com2009_team69_2025/local/lib/python3.10/dist-packages/com2009_team69_2025/com2009_team69_2025_s__rosidl_typesupport_introspection_c.cpython-310-x86_64-linux-gnu.so
-- Symlinking: /home/student/ros2_ws/src/com2009_team69_2025/install/com2009_team69_2025/local/lib/python3.10/dist-packages/com2009_team69_2025/libcom2009_team69_2025__rosidl_generator_py.so
-- Up-to-date symlink: /home/student/ros2_ws/src/com2009_team69_2025/install/com2009_team69_2025/local/lib/python3.10/dist-packages/com2009_team69_2025/com2009_team69_2025_s__rosidl_typesupport_fastrtps_c.cpython-310-x86_64-linux-gnu.so
-- Up-to-date symlink: /home/student/ros2_ws/src/com2009_team69_2025/install/com2009_team69_2025/local/lib/python3.10/dist-packages/com2009_team69_2025/com2009_team69_2025_s__rosidl_typesupport_introspection_c.cpython-310-x86_64-linux-gnu.so
-- Up-to-date symlink: /home/student/ros2_ws/src/com2009_team69_2025/install/com2009_team69_2025/local/lib/python3.10/dist-packages/com2009_team69_2025/com2009_team69_2025_s__rosidl_typesupport_c.cpython-310-x86_64-linux-gnu.so
-- Symlinking: /home/student/ros2_ws/src/com2009_team69_2025/install/com2009_team69_2025/share/com2009_team69_2025/action/ExploreForward.idl
-- Symlinking: /home/student/ros2_ws/src/com2009_team69_2025/install/com2009_team69_2025/share/com2009_team69_2025/action/ExploreForward.action
-- Symlinking: /home/student/ros2_ws/src/com2009_team69_2025/install/com2009_team69_2025/lib/com2009_team69_2025/cpp_executable
-- Symlinking: /home/student/ros2_ws/src/com2009_team69_2025/install/com2009_team69_2025/local/lib/python3.10/dist-packages/com2009_team69_2025_modules-0.0.0-py3.10.egg-info/PKG-INFO
-- Symlinking: /home/student/ros2_ws/src/com2009_team69_2025/install/com2009_team69_2025/local/lib/python3.10/dist-packages/com2009_team69_2025_modules-0.0.0-py3.10.egg-info/SOURCES.txt
-- Symlinking: /home/student/ros2_ws/src/com2009_team69_2025/install/com2009_team69_2025/local/lib/python3.10/dist-packages/com2009_team69_2025_modules-0.0.0-py3.10.egg-info/dependency_links.txt
-- Symlinking: /home/student/ros2_ws/src/com2009_team69_2025/install/com2009_team69_2025/local/lib/python3.10/dist-packages/com2009_team69_2025_modules-0.0.0-py3.10.egg-info/top_level.txt
-- Symlinking: /home/student/ros2_ws/src/com2009_team69_2025/install/com2009_team69_2025/local/lib/python3.10/dist-packages/com2009_team69_2025_modules/__init__.py
-- Symlinking: /home/student/ros2_ws/src/com2009_team69_2025/install/com2009_team69_2025/local/lib/python3.10/dist-packages/com2009_team69_2025_modules/tb3_tools.py
-- Symlinking: /home/student/ros2_ws/src/com2009_team69_2025/install/com2009_team69_2025/lib/com2009_team69_2025/move_eight_shape.py
-- Symlinking: /home/student/ros2_ws/src/com2009_team69_2025/install/com2009_team69_2025/lib/com2009_team69_2025/explore_server.py
-- Symlinking: /home/student/ros2_ws/src/com2009_team69_2025/install/com2009_team69_2025/lib/com2009_team69_2025/explore_client.py
-- Symlinking: /home/student/ros2_ws/src/com2009_team69_2025/install/com2009_team69_2025/share/com2009_team69_2025/launch/task1.launch.py
-- Symlinking: /home/student/ros2_ws/src/com2009_team69_2025/install/com2009_team69_2025/share/com2009_team69_2025/launch/task2.launch.py
-- Symlinking: /home/student/ros2_ws/src/com2009_team69_2025/install/com2009_team69_2025/share/ament_index/resource_index/package_run_dependencies/com2009_team69_2025
-- Symlinking: /home/student/ros2_ws/src/com2009_team69_2025/install/com2009_team69_2025/share/ament_index/resource_index/parent_prefix_path/com2009_team69_2025
-- Symlinking: /home/student/ros2_ws/src/com2009_team69_2025/install/com2009_team69_2025/share/com2009_team69_2025/environment/ament_prefix_path.sh
-- Symlinking: /home/student/ros2_ws/src/com2009_team69_2025/install/com2009_team69_2025/share/com2009_team69_2025/environment/ament_prefix_path.dsv
-- Symlinking: /home/student/ros2_ws/src/com2009_team69_2025/install/com2009_team69_2025/share/com2009_team69_2025/environment/path.sh
-- Symlinking: /home/student/ros2_ws/src/com2009_team69_2025/install/com2009_team69_2025/share/com2009_team69_2025/environment/path.dsv
-- Symlinking: /home/student/ros2_ws/src/com2009_team69_2025/install/com2009_team69_2025/share/com2009_team69_2025/local_setup.bash
-- Symlinking: /home/student/ros2_ws/src/com2009_team69_2025/install/com2009_team69_2025/share/com2009_team69_2025/local_setup.sh
-- Symlinking: /home/student/ros2_ws/src/com2009_team69_2025/install/com2009_team69_2025/share/com2009_team69_2025/local_setup.zsh
-- Symlinking: /home/student/ros2_ws/src/com2009_team69_2025/install/com2009_team69_2025/share/com2009_team69_2025/local_setup.dsv
-- Symlinking: /home/student/ros2_ws/src/com2009_team69_2025/install/com2009_team69_2025/share/com2009_team69_2025/package.dsv
-- Symlinking: /home/student/ros2_ws/src/com2009_team69_2025/install/com2009_team69_2025/share/ament_index/resource_index/packages/com2009_team69_2025
-- Symlinking: /home/student/ros2_ws/src/com2009_team69_2025/install/com2009_team69_2025/share/com2009_team69_2025/cmake/rosidl_cmake-extras.cmake
-- Symlinking: /home/student/ros2_ws/src/com2009_team69_2025/install/com2009_team69_2025/share/com2009_team69_2025/cmake/ament_cmake_export_dependencies-extras.cmake
-- Symlinking: /home/student/ros2_ws/src/com2009_team69_2025/install/com2009_team69_2025/share/com2009_team69_2025/cmake/ament_cmake_export_include_directories-extras.cmake
-- Symlinking: /home/student/ros2_ws/src/com2009_team69_2025/install/com2009_team69_2025/share/com2009_team69_2025/cmake/ament_cmake_export_libraries-extras.cmake
-- Symlinking: /home/student/ros2_ws/src/com2009_team69_2025/install/com2009_team69_2025/share/com2009_team69_2025/cmake/ament_cmake_export_targets-extras.cmake
-- Symlinking: /home/student/ros2_ws/src/com2009_team69_2025/install/com2009_team69_2025/share/com2009_team69_2025/cmake/rosidl_cmake_export_typesupport_targets-extras.cmake
-- Symlinking: /home/student/ros2_ws/src/com2009_team69_2025/install/com2009_team69_2025/share/com2009_team69_2025/cmake/rosidl_cmake_export_typesupport_libraries-extras.cmake
-- Symlinking: /home/student/ros2_ws/src/com2009_team69_2025/install/com2009_team69_2025/share/com2009_team69_2025/cmake/com2009_team69_2025Config.cmake
-- Symlinking: /home/student/ros2_ws/src/com2009_team69_2025/install/com2009_team69_2025/share/com2009_team69_2025/cmake/com2009_team69_2025Config-version.cmake
-- Symlinking: /home/student/ros2_ws/src/com2009_team69_2025/install/com2009_team69_2025/share/com2009_team69_2025/package.xml
-- Installing: /home/student/ros2_ws/src/com2009_team69_2025/install/com2009_team69_2025/lib/libcom2009_team69_2025__rosidl_generator_c.so
-- Set runtime path of "/home/student/ros2_ws/src/com2009_team69_2025/install/com2009_team69_2025/lib/libcom2009_team69_2025__rosidl_generator_c.so" to ""
-- Installing: /home/student/ros2_ws/src/com2009_team69_2025/install/com2009_team69_2025/lib/libcom2009_team69_2025__rosidl_typesupport_fastrtps_c.so
-- Set runtime path of "/home/student/ros2_ws/src/com2009_team69_2025/install/com2009_team69_2025/lib/libcom2009_team69_2025__rosidl_typesupport_fastrtps_c.so" to ""
-- Installing: /home/student/ros2_ws/src/com2009_team69_2025/install/com2009_team69_2025/lib/libcom2009_team69_2025__rosidl_typesupport_fastrtps_cpp.so
-- Set runtime path of "/home/student/ros2_ws/src/com2009_team69_2025/install/com2009_team69_2025/lib/libcom2009_team69_2025__rosidl_typesupport_fastrtps_cpp.so" to ""
-- Installing: /home/student/ros2_ws/src/com2009_team69_2025/install/com2009_team69_2025/lib/libcom2009_team69_2025__rosidl_typesupport_introspection_c.so
-- Set runtime path of "/home/student/ros2_ws/src/com2009_team69_2025/install/com2009_team69_2025/lib/libcom2009_team69_2025__rosidl_typesupport_introspection_c.so" to ""
-- Installing: /home/student/ros2_ws/src/com2009_team69_2025/install/com2009_team69_2025/lib/libcom2009_team69_2025__rosidl_typesupport_c.so
-- Set runtime path of "/home/student/ros2_ws/src/com2009_team69_2025/install/com2009_team69_2025/lib/libcom2009_team69_2025__rosidl_typesupport_c.so" to ""
-- Installing: /home/student/ros2_ws/src/com2009_team69_2025/install/com2009_team69_2025/lib/libcom2009_team69_2025__rosidl_typesupport_introspection_cpp.so
-- Set runtime path of "/home/student/ros2_ws/src/com2009_team69_2025/install/com2009_team69_2025/lib/libcom2009_team69_2025__rosidl_typesupport_introspection_cpp.so" to ""
-- Installing: /home/student/ros2_ws/src/com2009_team69_2025/install/com2009_team69_2025/lib/libcom2009_team69_2025__rosidl_typesupport_cpp.so
-- Set runtime path of "/home/student/ros2_ws/src/com2009_team69_2025/install/com2009_team69_2025/lib/libcom2009_team69_2025__rosidl_typesupport_cpp.so" to ""
Listing '/home/student/ros2_ws/src/com2009_team69_2025/install/com2009_team69_2025/local/lib/python3.10/dist-packages/com2009_team69_2025'...
Compiling '/home/student/ros2_ws/src/com2009_team69_2025/install/com2009_team69_2025/local/lib/python3.10/dist-packages/com2009_team69_2025/__init__.py'...
Listing '/home/student/ros2_ws/src/com2009_team69_2025/install/com2009_team69_2025/local/lib/python3.10/dist-packages/com2009_team69_2025/action'...
Compiling '/home/student/ros2_ws/src/com2009_team69_2025/install/com2009_team69_2025/local/lib/python3.10/dist-packages/com2009_team69_2025/action/__init__.py'...
Compiling '/home/student/ros2_ws/src/com2009_team69_2025/install/com2009_team69_2025/local/lib/python3.10/dist-packages/com2009_team69_2025/action/_explore_forward.py'...
-- Installing: /home/student/ros2_ws/src/com2009_team69_2025/install/com2009_team69_2025/lib/libcom2009_team69_2025__rosidl_generator_py.so
-- Set runtime path of "/home/student/ros2_ws/src/com2009_team69_2025/install/com2009_team69_2025/lib/libcom2009_team69_2025__rosidl_generator_py.so" to ""
Listing '/home/student/ros2_ws/src/com2009_team69_2025/install/com2009_team69_2025/local/lib/python3.10/dist-packages/com2009_team69_2025_modules'...
Compiling '/home/student/ros2_ws/src/com2009_team69_2025/install/com2009_team69_2025/local/lib/python3.10/dist-packages/com2009_team69_2025_modules/__init__.py'...
Compiling '/home/student/ros2_ws/src/com2009_team69_2025/install/com2009_team69_2025/local/lib/python3.10/dist-packages/com2009_team69_2025_modules/tb3_tools.py'...
-- Installing: /home/student/ros2_ws/src/com2009_team69_2025/install/com2009_team69_2025/share/com2009_team69_2025/cmake/export_com2009_team69_2025__rosidl_generator_cExport.cmake
-- Installing: /home/student/ros2_ws/src/com2009_team69_2025/install/com2009_team69_2025/share/com2009_team69_2025/cmake/export_com2009_team69_2025__rosidl_generator_cExport-noconfig.cmake
-- Installing: /home/student/ros2_ws/src/com2009_team69_2025/install/com2009_team69_2025/share/com2009_team69_2025/cmake/export_com2009_team69_2025__rosidl_typesupport_fastrtps_cExport.cmake
-- Installing: /home/student/ros2_ws/src/com2009_team69_2025/install/com2009_team69_2025/share/com2009_team69_2025/cmake/export_com2009_team69_2025__rosidl_typesupport_fastrtps_cExport-noconfig.cmake
-- Installing: /home/student/ros2_ws/src/com2009_team69_2025/install/com2009_team69_2025/share/com2009_team69_2025/cmake/export_com2009_team69_2025__rosidl_generator_cppExport.cmake
-- Installing: /home/student/ros2_ws/src/com2009_team69_2025/install/com2009_team69_2025/share/com2009_team69_2025/cmake/export_com2009_team69_2025__rosidl_typesupport_fastrtps_cppExport.cmake
-- Installing: /home/student/ros2_ws/src/com2009_team69_2025/install/com2009_team69_2025/share/com2009_team69_2025/cmake/export_com2009_team69_2025__rosidl_typesupport_fastrtps_cppExport-noconfig.cmake
-- Installing: /home/student/ros2_ws/src/com2009_team69_2025/install/com2009_team69_2025/share/com2009_team69_2025/cmake/com2009_team69_2025__rosidl_typesupport_introspection_cExport.cmake
-- Installing: /home/student/ros2_ws/src/com2009_team69_2025/install/com2009_team69_2025/share/com2009_team69_2025/cmake/com2009_team69_2025__rosidl_typesupport_introspection_cExport-noconfig.cmake
-- Installing: /home/student/ros2_ws/src/com2009_team69_2025/install/com2009_team69_2025/share/com2009_team69_2025/cmake/com2009_team69_2025__rosidl_typesupport_cExport.cmake
-- Installing: /home/student/ros2_ws/src/com2009_team69_2025/install/com2009_team69_2025/share/com2009_team69_2025/cmake/com2009_team69_2025__rosidl_typesupport_cExport-noconfig.cmake
-- Installing: /home/student/ros2_ws/src/com2009_team69_2025/install/com2009_team69_2025/share/com2009_team69_2025/cmake/com2009_team69_2025__rosidl_typesupport_introspection_cppExport.cmake
-- Installing: /home/student/ros2_ws/src/com2009_team69_2025/install/com2009_team69_2025/share/com2009_team69_2025/cmake/com2009_team69_2025__rosidl_typesupport_introspection_cppExport-noconfig.cmake
-- Installing: /home/student/ros2_ws/src/com2009_team69_2025/install/com2009_team69_2025/share/com2009_team69_2025/cmake/com2009_team69_2025__rosidl_typesupport_cppExport.cmake
-- Installing: /home/student/ros2_ws/src/com2009_team69_2025/install/com2009_team69_2025/share/com2009_team69_2025/cmake/com2009_team69_2025__rosidl_typesupport_cppExport-noconfig.cmake
-- Installing: /home/student/ros2_ws/src/com2009_team69_2025/install/com2009_team69_2025/share/com2009_team69_2025/cmake/export_com2009_team69_2025__rosidl_generator_pyExport.cmake
-- Installing: /home/student/ros2_ws/src/com2009_team69_2025/install/com2009_team69_2025/share/com2009_team69_2025/cmake/export_com2009_team69_2025__rosidl_generator_pyExport-noconfig.cmake
